  Main.cpp
C:\Users\wpdlf\Desktop\projects\OCP\Oein_Command_Prompt\Oein_Command_Prompt\Funtion.hpp(142,20): warning C4018: '<': signed 또는 unsigned가 일치하지 않습니다.
C:\Users\wpdlf\Desktop\projects\OCP\Oein_Command_Prompt\Oein_Command_Prompt\Command.hpp(30,20): warning C4018: '<': signed 또는 unsigned가 일치하지 않습니다.
C:\Users\wpdlf\Desktop\projects\OCP\Oein_Command_Prompt\Oein_Command_Prompt\Command.hpp(41,20): warning C4018: '<': signed 또는 unsigned가 일치하지 않습니다.
C:\Users\wpdlf\Desktop\projects\OCP\Oein_Command_Prompt\Oein_Command_Prompt\Command.hpp(72,20): warning C4018: '<': signed 또는 unsigned가 일치하지 않습니다.
C:\Users\wpdlf\Desktop\projects\OCP\Oein_Command_Prompt\Oein_Command_Prompt\Command.hpp(108,20): warning C4018: '<': signed 또는 unsigned가 일치하지 않습니다.
C:\Users\wpdlf\Desktop\projects\OCP\Oein_Command_Prompt\Oein_Command_Prompt\Command.hpp(130,20): warning C4018: '<': signed 또는 unsigned가 일치하지 않습니다.
C:\Users\wpdlf\Desktop\projects\OCP\Oein_Command_Prompt\Oein_Command_Prompt\Command.hpp(166,20): warning C4018: '<': signed 또는 unsigned가 일치하지 않습니다.
C:\Users\wpdlf\Desktop\projects\OCP\Oein_Command_Prompt\Oein_Command_Prompt\Command.hpp(183,40): warning C4244: '인수': 'double'에서 'DWORD'(으)로 변환하면서 데이터가 손실될 수 있습니다.
C:\Users\wpdlf\Desktop\projects\OCP\Oein_Command_Prompt\Oein_Command_Prompt\Command.hpp(184,40): warning C4244: '인수': 'double'에서 'DWORD'(으)로 변환하면서 데이터가 손실될 수 있습니다.
C:\Users\wpdlf\Desktop\projects\OCP\Oein_Command_Prompt\Oein_Command_Prompt\Command.hpp(185,40): warning C4244: '인수': 'double'에서 'DWORD'(으)로 변환하면서 데이터가 손실될 수 있습니다.
C:\Users\wpdlf\Desktop\projects\OCP\Oein_Command_Prompt\Oein_Command_Prompt\Command.hpp(186,40): warning C4244: '인수': 'double'에서 'DWORD'(으)로 변환하면서 데이터가 손실될 수 있습니다.
C:\Users\wpdlf\Desktop\projects\OCP\Oein_Command_Prompt\Oein_Command_Prompt\Command.hpp(187,40): warning C4244: '인수': 'double'에서 'DWORD'(으)로 변환하면서 데이터가 손실될 수 있습니다.
C:\Users\wpdlf\Desktop\projects\OCP\Oein_Command_Prompt\Oein_Command_Prompt\Command.hpp(188,40): warning C4244: '인수': 'double'에서 'DWORD'(으)로 변환하면서 데이터가 손실될 수 있습니다.
C:\Users\wpdlf\Desktop\projects\OCP\Oein_Command_Prompt\Oein_Command_Prompt\Command.hpp(189,40): warning C4244: '인수': 'double'에서 'DWORD'(으)로 변환하면서 데이터가 손실될 수 있습니다.
C:\Users\wpdlf\Desktop\projects\OCP\Oein_Command_Prompt\Oein_Command_Prompt\Command.hpp(190,40): warning C4244: '인수': 'double'에서 'DWORD'(으)로 변환하면서 데이터가 손실될 수 있습니다.
C:\Users\wpdlf\Desktop\projects\OCP\Oein_Command_Prompt\Oein_Command_Prompt\Command.hpp(192,40): warning C4244: '인수': 'double'에서 'DWORD'(으)로 변환하면서 데이터가 손실될 수 있습니다.
C:\Users\wpdlf\Desktop\projects\OCP\Oein_Command_Prompt\Oein_Command_Prompt\Command.hpp(193,40): warning C4244: '인수': 'double'에서 'DWORD'(으)로 변환하면서 데이터가 손실될 수 있습니다.
C:\Users\wpdlf\Desktop\projects\OCP\Oein_Command_Prompt\Oein_Command_Prompt\Command.hpp(194,40): warning C4244: '인수': 'double'에서 'DWORD'(으)로 변환하면서 데이터가 손실될 수 있습니다.
C:\Users\wpdlf\Desktop\projects\OCP\Oein_Command_Prompt\Oein_Command_Prompt\Command.hpp(195,40): warning C4244: '인수': 'double'에서 'DWORD'(으)로 변환하면서 데이터가 손실될 수 있습니다.
C:\Users\wpdlf\Desktop\projects\OCP\Oein_Command_Prompt\Oein_Command_Prompt\Command.hpp(196,40): warning C4244: '인수': 'double'에서 'DWORD'(으)로 변환하면서 데이터가 손실될 수 있습니다.
C:\Users\wpdlf\Desktop\projects\OCP\Oein_Command_Prompt\Oein_Command_Prompt\Command.hpp(197,40): warning C4244: '인수': 'double'에서 'DWORD'(으)로 변환하면서 데이터가 손실될 수 있습니다.
C:\Users\wpdlf\Desktop\projects\OCP\Oein_Command_Prompt\Oein_Command_Prompt\Command.hpp(198,40): warning C4244: '인수': 'double'에서 'DWORD'(으)로 변환하면서 데이터가 손실될 수 있습니다.
C:\Users\wpdlf\Desktop\projects\OCP\Oein_Command_Prompt\Oein_Command_Prompt\Command.hpp(199,40): warning C4244: '인수': 'double'에서 'DWORD'(으)로 변환하면서 데이터가 손실될 수 있습니다.
C:\Users\wpdlf\Desktop\projects\OCP\Oein_Command_Prompt\Oein_Command_Prompt\Command.hpp(201,40): warning C4244: '인수': 'double'에서 'DWORD'(으)로 변환하면서 데이터가 손실될 수 있습니다.
C:\Users\wpdlf\Desktop\projects\OCP\Oein_Command_Prompt\Oein_Command_Prompt\Command.hpp(202,40): warning C4244: '인수': 'double'에서 'DWORD'(으)로 변환하면서 데이터가 손실될 수 있습니다.
C:\Users\wpdlf\Desktop\projects\OCP\Oein_Command_Prompt\Oein_Command_Prompt\Command.hpp(203,40): warning C4244: '인수': 'double'에서 'DWORD'(으)로 변환하면서 데이터가 손실될 수 있습니다.
C:\Users\wpdlf\Desktop\projects\OCP\Oein_Command_Prompt\Oein_Command_Prompt\Command.hpp(204,40): warning C4244: '인수': 'double'에서 'DWORD'(으)로 변환하면서 데이터가 손실될 수 있습니다.
C:\Users\wpdlf\Desktop\projects\OCP\Oein_Command_Prompt\Oein_Command_Prompt\Command.hpp(205,40): warning C4244: '인수': 'double'에서 'DWORD'(으)로 변환하면서 데이터가 손실될 수 있습니다.
C:\Users\wpdlf\Desktop\projects\OCP\Oein_Command_Prompt\Oein_Command_Prompt\Command.hpp(206,40): warning C4244: '인수': 'double'에서 'DWORD'(으)로 변환하면서 데이터가 손실될 수 있습니다.
C:\Users\wpdlf\Desktop\projects\OCP\Oein_Command_Prompt\Oein_Command_Prompt\Command.hpp(207,40): warning C4244: '인수': 'double'에서 'DWORD'(으)로 변환하면서 데이터가 손실될 수 있습니다.
C:\Users\wpdlf\Desktop\projects\OCP\Oein_Command_Prompt\Oein_Command_Prompt\Command.hpp(208,40): warning C4244: '인수': 'double'에서 'DWORD'(으)로 변환하면서 데이터가 손실될 수 있습니다.
C:\Users\wpdlf\Desktop\projects\OCP\Oein_Command_Prompt\Oein_Command_Prompt\Command.hpp(210,40): warning C4244: '인수': 'double'에서 'DWORD'(으)로 변환하면서 데이터가 손실될 수 있습니다.
C:\Users\wpdlf\Desktop\projects\OCP\Oein_Command_Prompt\Oein_Command_Prompt\Command.hpp(211,40): warning C4244: '인수': 'double'에서 'DWORD'(으)로 변환하면서 데이터가 손실될 수 있습니다.
C:\Users\wpdlf\Desktop\projects\OCP\Oein_Command_Prompt\Oein_Command_Prompt\Command.hpp(212,40): warning C4244: '인수': 'double'에서 'DWORD'(으)로 변환하면서 데이터가 손실될 수 있습니다.
C:\Users\wpdlf\Desktop\projects\OCP\Oein_Command_Prompt\Oein_Command_Prompt\Command.hpp(213,40): warning C4244: '인수': 'double'에서 'DWORD'(으)로 변환하면서 데이터가 손실될 수 있습니다.
C:\Users\wpdlf\Desktop\projects\OCP\Oein_Command_Prompt\Oein_Command_Prompt\Command.hpp(214,40): warning C4244: '인수': 'double'에서 'DWORD'(으)로 변환하면서 데이터가 손실될 수 있습니다.
C:\Users\wpdlf\Desktop\projects\OCP\Oein_Command_Prompt\Oein_Command_Prompt\Command.hpp(215,40): warning C4244: '인수': 'double'에서 'DWORD'(으)로 변환하면서 데이터가 손실될 수 있습니다.
C:\Users\wpdlf\Desktop\projects\OCP\Oein_Command_Prompt\Oein_Command_Prompt\Command.hpp(216,40): warning C4244: '인수': 'double'에서 'DWORD'(으)로 변환하면서 데이터가 손실될 수 있습니다.
C:\Users\wpdlf\Desktop\projects\OCP\Oein_Command_Prompt\Oein_Command_Prompt\Command.hpp(217,40): warning C4244: '인수': 'double'에서 'DWORD'(으)로 변환하면서 데이터가 손실될 수 있습니다.
C:\Users\wpdlf\Desktop\projects\OCP\Oein_Command_Prompt\Oein_Command_Prompt\Command.hpp(219,40): warning C4244: '인수': 'double'에서 'DWORD'(으)로 변환하면서 데이터가 손실될 수 있습니다.
C:\Users\wpdlf\Desktop\projects\OCP\Oein_Command_Prompt\Oein_Command_Prompt\Command.hpp(220,40): warning C4244: '인수': 'double'에서 'DWORD'(으)로 변환하면서 데이터가 손실될 수 있습니다.
C:\Users\wpdlf\Desktop\projects\OCP\Oein_Command_Prompt\Oein_Command_Prompt\Command.hpp(221,40): warning C4244: '인수': 'double'에서 'DWORD'(으)로 변환하면서 데이터가 손실될 수 있습니다.
C:\Users\wpdlf\Desktop\projects\OCP\Oein_Command_Prompt\Oein_Command_Prompt\Command.hpp(222,40): warning C4244: '인수': 'double'에서 'DWORD'(으)로 변환하면서 데이터가 손실될 수 있습니다.
C:\Users\wpdlf\Desktop\projects\OCP\Oein_Command_Prompt\Oein_Command_Prompt\Command.hpp(223,40): warning C4244: '인수': 'double'에서 'DWORD'(으)로 변환하면서 데이터가 손실될 수 있습니다.
C:\Users\wpdlf\Desktop\projects\OCP\Oein_Command_Prompt\Oein_Command_Prompt\Command.hpp(224,40): warning C4244: '인수': 'double'에서 'DWORD'(으)로 변환하면서 데이터가 손실될 수 있습니다.
C:\Users\wpdlf\Desktop\projects\OCP\Oein_Command_Prompt\Oein_Command_Prompt\Command.hpp(225,40): warning C4244: '인수': 'double'에서 'DWORD'(으)로 변환하면서 데이터가 손실될 수 있습니다.
C:\Users\wpdlf\Desktop\projects\OCP\Oein_Command_Prompt\Oein_Command_Prompt\Command.hpp(226,40): warning C4244: '인수': 'double'에서 'DWORD'(으)로 변환하면서 데이터가 손실될 수 있습니다.
C:\Users\wpdlf\Desktop\projects\OCP\Oein_Command_Prompt\Oein_Command_Prompt\Command.hpp(228,40): warning C4244: '인수': 'double'에서 'DWORD'(으)로 변환하면서 데이터가 손실될 수 있습니다.
C:\Users\wpdlf\Desktop\projects\OCP\Oein_Command_Prompt\Oein_Command_Prompt\Command.hpp(229,40): warning C4244: '인수': 'double'에서 'DWORD'(으)로 변환하면서 데이터가 손실될 수 있습니다.
C:\Users\wpdlf\Desktop\projects\OCP\Oein_Command_Prompt\Oein_Command_Prompt\Command.hpp(230,40): warning C4244: '인수': 'double'에서 'DWORD'(으)로 변환하면서 데이터가 손실될 수 있습니다.
C:\Users\wpdlf\Desktop\projects\OCP\Oein_Command_Prompt\Oein_Command_Prompt\Command.hpp(231,40): warning C4244: '인수': 'double'에서 'DWORD'(으)로 변환하면서 데이터가 손실될 수 있습니다.
C:\Users\wpdlf\Desktop\projects\OCP\Oein_Command_Prompt\Oein_Command_Prompt\Command.hpp(232,40): warning C4244: '인수': 'double'에서 'DWORD'(으)로 변환하면서 데이터가 손실될 수 있습니다.
C:\Users\wpdlf\Desktop\projects\OCP\Oein_Command_Prompt\Oein_Command_Prompt\Command.hpp(233,40): warning C4244: '인수': 'double'에서 'DWORD'(으)로 변환하면서 데이터가 손실될 수 있습니다.
C:\Users\wpdlf\Desktop\projects\OCP\Oein_Command_Prompt\Oein_Command_Prompt\Command.hpp(234,40): warning C4244: '인수': 'double'에서 'DWORD'(으)로 변환하면서 데이터가 손실될 수 있습니다.
C:\Users\wpdlf\Desktop\projects\OCP\Oein_Command_Prompt\Oein_Command_Prompt\Command.hpp(235,40): warning C4244: '인수': 'double'에서 'DWORD'(으)로 변환하면서 데이터가 손실될 수 있습니다.
C:\Users\wpdlf\Desktop\projects\OCP\Oein_Command_Prompt\Oein_Command_Prompt\Command.hpp(237,40): warning C4244: '인수': 'double'에서 'DWORD'(으)로 변환하면서 데이터가 손실될 수 있습니다.
C:\Users\wpdlf\Desktop\projects\OCP\Oein_Command_Prompt\Oein_Command_Prompt\Command.hpp(238,40): warning C4244: '인수': 'double'에서 'DWORD'(으)로 변환하면서 데이터가 손실될 수 있습니다.
C:\Users\wpdlf\Desktop\projects\OCP\Oein_Command_Prompt\Oein_Command_Prompt\Command.hpp(239,40): warning C4244: '인수': 'double'에서 'DWORD'(으)로 변환하면서 데이터가 손실될 수 있습니다.
C:\Users\wpdlf\Desktop\projects\OCP\Oein_Command_Prompt\Oein_Command_Prompt\Command.hpp(240,40): warning C4244: '인수': 'double'에서 'DWORD'(으)로 변환하면서 데이터가 손실될 수 있습니다.
C:\Users\wpdlf\Desktop\projects\OCP\Oein_Command_Prompt\Oein_Command_Prompt\Command.hpp(241,40): warning C4244: '인수': 'double'에서 'DWORD'(으)로 변환하면서 데이터가 손실될 수 있습니다.
C:\Users\wpdlf\Desktop\projects\OCP\Oein_Command_Prompt\Oein_Command_Prompt\Command.hpp(242,40): warning C4244: '인수': 'double'에서 'DWORD'(으)로 변환하면서 데이터가 손실될 수 있습니다.
C:\Users\wpdlf\Desktop\projects\OCP\Oein_Command_Prompt\Oein_Command_Prompt\Command.hpp(243,40): warning C4244: '인수': 'double'에서 'DWORD'(으)로 변환하면서 데이터가 손실될 수 있습니다.
C:\Users\wpdlf\Desktop\projects\OCP\Oein_Command_Prompt\Oein_Command_Prompt\Command.hpp(244,40): warning C4244: '인수': 'double'에서 'DWORD'(으)로 변환하면서 데이터가 손실될 수 있습니다.
C:\Users\wpdlf\Desktop\projects\OCP\Oein_Command_Prompt\Oein_Command_Prompt\Command.hpp(248,20): warning C4018: '<': signed 또는 unsigned가 일치하지 않습니다.
  Oein_Command_Prompt.vcxproj -> C:\Users\wpdlf\Desktop\projects\OCP\Oein_Command_Prompt\Oein_Command_Prompt\Debug\Oein_Command_Prompt.exe
